2023-08-26T10:20:35+00:00 CRITICAL Uncaught Error: Xdebug has detected a possible infinite loop, and aborted your script with a stack depth of '256' frames in C:\wamp64\www\wordpress\wp-includes\class-wp-object-cache.php:146
Stack trace:
#0 C:\wamp64\www\wordpress\wp-includes\class-wp-object-cache.php(146): trim('alloptions')
#1 C:\wamp64\www\wordpress\wp-includes\class-wp-object-cache.php(364): WP_Object_Cache->is_valid_key('alloptions')
#2 C:\wamp64\www\wordpress\wp-includes\cache.php(154): WP_Object_Cache->get('alloptions', 'options', false, NULL)
#3 C:\wamp64\www\wordpress\wp-includes\option.php(321): wp_cache_get('alloptions', 'options', false)
#4 C:\wamp64\www\wordpress\wp-includes\option.php(191): wp_load_alloptions()
#5 C:\wamp64\www\wordpress\wp-includes\link-template.php(3424): get_option('home')
#6 C:\wamp64\www\wordpress\wp-includes\link-template.php(3402): get_home_url(NULL, '', NULL)
#7 C:\wamp64\www\wordpress\wp-includes\general-template.php(818): home_url()
#8 C:\wamp64\www\wordpress\wp-includes\class-wp-http.php(192): get_bloginfo('url')
#9 C:\wamp64\www\wordpress\wp-includes\class-wp-http.php(634): WP_Http->request('https://fonts.g...', Array)
#10 C:\wamp64\www\wordpress\wp-includes\http.php(168): WP_Http->get('https://fonts.g...', Array)
#11 C:\wamp64\www\wordpress\wp-content\themes\aromatic\inc\wptt-webfont-loader.php(262): wp_remote_get('https://fonts.g...', Array)
#12 C:\wamp64\www\wordpress\wp-content\themes\aromatic\inc\wptt-webfont-loader.php(190): WPTT_WebFont_Loader->get_remote_url_contents()
#13 C:\wamp64\www\wordpress\wp-content\themes\aromatic\inc\wptt-webfont-loader.php(464): WPTT_WebFont_Loader->get_styles()
#14 C:\wamp64\www\wordpress\wp-content\themes\aromatic\inc\wptt-webfont-loader.php(210): WPTT_WebFont_Loader->write_stylesheet()
#15 C:\wamp64\www\wordpress\wp-content\themes\aromatic\inc\wptt-webfont-loader.php(464): WPTT_WebFont_Loader->get_styles()
#16 C:\wamp64\www\wordpress\wp-content\themes\aromatic\inc\wptt-webfont-loader.php(210): WPTT_WebFont_Loader->write_stylesheet()
#17 C:\wamp64\www\wordpress\wp-content\themes\aromatic\inc\wptt-webfont-loader.php(464): WPTT_WebFont_Loader->get_styles()
#18 C:\wamp64\www\wordpress\wp-content\themes\aromatic\inc\wptt-webfont-loader.php(210): WPTT_WebFont_Loader->write_stylesheet()
#19 C:\wamp64\www\wordpress\wp-content\themes\aromatic\inc\wptt-webfont-loader.php(464): WPTT_WebFont_Loader->get_styles()
#20 C:\wamp64\www\wordpress\wp-content\themes\aromatic\inc\wptt-webfont-loader.php(210): WPTT_WebFont_Loader->write_stylesheet()
#21 C:\wamp64\www\wordpress\wp-content\themes\aromatic\inc\wptt-webfont-loader.php(464): WPTT_WebFont_Loader->get_styles()
#22 C:\wamp64\www\wordpress\wp-content\themes\aromatic\inc\wptt-webfont-loader.php(210): WPTT_WebFont_Loader->write_stylesheet()
#23 C:\wamp64\www\wordpress\wp-content\themes\aromatic\inc\wptt-webfont-loader.php(464): WPTT_WebFont_Loader->get_styles()
#24 C:\wamp64\www\wordpress\wp-content\themes\aromatic\inc\wptt-webfont-loader.php(210): WPTT_WebFont_Loader->write_stylesheet()
#25 C:\wamp64\www\wordpress\wp-content\themes\aromatic\inc\wptt-webfont-loader.php(464): WPTT_WebFont_Loader->get_styles()
#26 C:\wamp64\www\wordpress\wp-content\themes\aromatic\inc\wptt-webfont-loader.php(210): WPTT_WebFont_Loader->write_stylesheet()
#27 C:\wamp64\www\wordpress\wp-content\themes\aromatic\inc\wptt-webfont-loader.php(464): WPTT_WebFont_Loader->get_styles()
#28 C:\wamp64\www\wordpress\wp-content\themes\aromatic\inc\wptt-webfont-loader.php(210): WPTT_WebFont_Loader->write_stylesheet()
#29 C:\wamp64\www\wordpress\wp-content\themes\aromatic\inc\wptt-webfont-loader.php(464): WPTT_WebFont_Loader->get_styles()
#30 C:\wamp64\www\wordpress\wp-content\themes\aromatic\inc\wptt-webfont-loader.php(210): WPTT_WebFont_Loader->write_stylesheet()
#31 C:\wamp64\www\wordpress\wp-content\themes\aromatic\inc\wptt-webfont-loader.php(464): WPTT_WebFont_Loader->get_styles()
#32 C:\wamp64\www\wordpress\wp-content\themes\aromatic\inc\wptt-webfont-loader.php(210): WPTT_WebFont_Loader->write_stylesheet()
#33 C:\wamp64\www\wordpress\wp-content\themes\aromatic\inc\wptt-webfont-loader.php(464): WPTT_WebFont_Loader->get_styles()
#34 C:\wamp64\www\wordpress\wp-content\themes\aromatic\inc\wptt-webfont-loader.php(210): WPTT_WebFont_Loader->write_stylesheet()
#35 C:\wamp64\www\wordpress\wp-content\themes\aromatic\inc\wptt-webfont-loader.php(464): WPTT_WebFont_Loader->get_styles()
#36 C:\wamp64\www\wordpress\wp-content\themes\aromatic\inc\wptt-webfont-loader.php(210): WPTT_WebFont_Loader->write_stylesheet()
#37 C:\wamp64\www\wordpress\wp-content\themes\aromatic\inc\wptt-webfont-loader.php(464): WPTT_WebFont_Loader->get_styles()
#38 C:\wamp64\www\wordpress\wp-content\themes\aromatic\inc\wptt-webfont-loader.php(210): WPTT_WebFont_Loader->write_stylesheet()
#39 C:\wamp64\www\wordpress\wp-content\themes\aromatic\inc\wptt-webfont-loader.php(464): WPTT_WebFont_Loader->get_styles()
#40 C:\wamp64\www\wordpress\wp-content\themes\aromatic\inc\wptt-webfont-loader.php(210): WPTT_WebFont_Loader->write_stylesheet()
#41 C:\wamp64\www\wordpress\wp-content\themes\aromatic\inc\wptt-webfont-loader.php(464): WPTT_WebFont_Loader->get_styles()
#42 C:\wamp64\www\wordpress\wp-content\themes\aromatic\inc\wptt-webfont-loader.php(210): WPTT_WebFont_Loader->write_stylesheet()
#43 C:\wamp64\www\wordpress\wp-content\themes\aromatic\inc\wptt-webfont-loader.php(464): WPTT_WebFont_Loader->get_styles()
#44 C:\wamp64\www\wordpress\wp-content\themes\aromatic\inc\wptt-webfont-loader.php(210): WPTT_WebFont_Loader->write_stylesheet()
#45 C:\wamp64\www\wordpress\wp-content\themes\aromatic\inc\wptt-webfont-loader.php(464): WPTT_WebFont_Loader->get_styles()
#46 C:\wamp64\www\wordpress\wp-content\themes\aromatic\inc\wptt-webfont-loader.php(210): WPTT_WebFont_Loader->write_stylesheet()
#47 C:\wamp64\www\wordpress\wp-content\themes\aromatic\inc\wptt-webfont-loader.php(464): WPTT_WebFont_Loader->get_styles()
#48 C:\wamp64\www\wordpress\wp-content\themes\aromatic\inc\wptt-webfont-loader.php(210): WPTT_WebFont_Loader->write_stylesheet()
#49 C:\wamp64\www\wordpress\wp-content\themes\aromatic\inc\wptt-webfont-loader.php(464): WPTT_WebFont_Loader->get_styles()
#50 C:\wamp64\www\wordpress\wp-content\themes\aromatic\inc\wptt-webfont-loader.php(210): WPTT_WebFont_Loader->write_stylesheet()
#51 C:\wamp64\www\wordpress\wp-content\themes\aromatic\inc\wptt-webfont-loader.php(464): WPTT_WebFont_Loader->get_styles()
#52 C:\wamp64\www\wordpress\wp-content\themes\aromatic\inc\wptt-webfont-loader.php(210): WPTT_WebFont_Loader->write_stylesheet()
#53 C:\wamp64\www\wordpress\wp-content\themes\aromatic\inc\wptt-webfont-loader.php(464): WPTT_WebFont_Loader->get_styles()
#54 C:\wamp64\www\wordpress\wp-content\themes\aromatic\inc\wptt-webfont-loader.php(210): WPTT_WebFont_Loader->write_stylesheet()
#55 C:\wamp64\www\wordpress\wp-content\themes\aromatic\inc\wptt-webfont-loader.php(464): WPTT_WebFont_Loader->get_styles()
#56 C:\wamp64\www\wordpress\wp-content\themes\aromatic\inc\wptt-webfont-loader.php(210): WPTT_WebFont_Loader->write_stylesheet()
#57 C:\wamp64\www\wordpress\wp-content\themes\aromatic\inc\wptt-webfont-loader.php(464): WPTT_WebFont_Loader->get_styles()
#58 C:\wamp64\www\wordpress\wp-content\themes\aromatic\inc\wptt-webfont-loader.php(210): WPTT_WebFont_Loader->write_stylesheet()
#59 C:\wamp64\www\wordpress\wp-content\themes\aromatic\inc\wptt-webfont-loader.php(464): WPTT_WebFont_Loader->get_styles()
#60 C:\wamp64\www\wordpress\wp-content\themes\aromatic\inc\wptt-webfont-loader.php(210): WPTT_WebFont_Loader->write_stylesheet()
#61 C:\wamp64\www\wordpress\wp-content\themes\aromatic\inc\wptt-webfont-loader.php(464): WPTT_WebFont_Loader->get_styles()
#62 C:\wamp64\www\wordpress\wp-content\themes\aromatic\inc\wptt-webfont-loader.php(210): WPTT_WebFont_Loader->write_stylesheet()
#63 C:\wamp64\www\wordpress\wp-content\themes\aromatic\inc\wptt-webfont-loader.php(464): WPTT_WebFont_Loader->get_styles()
#64 C:\wamp64\www\wordpress\wp-content\themes\aromatic\inc\wptt-webfont-loader.php(210): WPTT_WebFont_Loader->write_stylesheet()
#65 C:\wamp64\www\wordpress\wp-content\themes\aromatic\inc\wptt-webfont-loader.php(464): WPTT_WebFont_Loader->get_styles()
#66 C:\wamp64\www\wordpress\wp-content\themes\aromatic\inc\wptt-webfont-loader.php(210): WPTT_WebFont_Loader->write_stylesheet()
#67 C:\wamp64\www\wordpress\wp-content\themes\aromatic\inc\wptt-webfont-loader.php(464): WPTT_WebFont_Loader->get_styles()
#68 C:\wamp64\www\wordpress\wp-content\themes\aromatic\inc\wptt-webfont-loader.php(210): WPTT_WebFont_Loader->write_stylesheet()
#69 C:\wamp64\www\wordpress\wp-content\themes\aromatic\inc\wptt-webfont-loader.php(464): WPTT_WebFont_Loader->get_styles()
#70 C:\wamp64\www\wordpress\wp-content\themes\aromatic\inc\wptt-webfont-loader.php(210): WPTT_WebFont_Loader->write_stylesheet()
#71 C:\wamp64\www\wordpress\wp-content\themes\aromatic\inc\wptt-webfont-loader.php(464): WPTT_WebFont_Loader->get_styles()
#72 C:\wamp64\www\wordpress\wp-content\themes\aromatic\inc\wptt-webfont-loader.php(210): WPTT_WebFont_Loader->write_stylesheet()
#73 C:\wamp64\www\wordpress\wp-content\themes\aromatic\inc\wptt-webfont-loader.php(464): WPTT_WebFont_Loader->get_styles()
#74 C:\wamp64\www\wordpress\wp-content\themes\aromatic\inc\wptt-webfont-loader.php(210): WPTT_WebFont_Loader->write_stylesheet()
#75 C:\wamp64\www\wordpress\wp-content\themes\aromatic\inc\wptt-webfont-loader.php(464): WPTT_WebFont_Loader->get_styles()
#76 C:\wamp64\www\wordpress\wp-content\themes\aromatic\inc\wptt-webfont-loader.php(210): WPTT_WebFont_Loader->write_stylesheet()
#77 C:\wamp64\www\wordpress\wp-content\themes\aromatic\inc\wptt-webfont-loader.php(464): WPTT_WebFont_Loader->get_styles()
#78 C:\wamp64\www\wordpress\wp-content\themes\aromatic\inc\wptt-webfont-loader.php(210): WPTT_WebFont_Loader->write_stylesheet()
#79 C:\wamp64\www\wordpress\wp-content\themes\aromatic\inc\wptt-webfont-loader.php(464): WPTT_WebFont_Loader->get_styles()
#80 C:\wamp64\www\wordpress\wp-content\themes\aromatic\inc\wptt-webfont-loader.php(210): WPTT_WebFont_Loader->write_stylesheet()
#81 C:\wamp64\www\wordpress\wp-content\themes\aromatic\inc\wptt-webfont-loader.php(464): WPTT_WebFont_Loader->get_styles()
#82 C:\wamp64\www\wordpress\wp-content\themes\aromatic\inc\wptt-webfont-loader.php(210): WPTT_WebFont_Loader->write_stylesheet()
#83 C:\wamp64\www\wordpress\wp-content\themes\aromatic\inc\wptt-webfont-loader.php(464): WPTT_WebFont_Loader->get_styles()
#84 C:\wamp64\www\wordpress\wp-content\themes\aromatic\inc\wptt-webfont-loader.php(210): WPTT_WebFont_Loader->write_stylesheet()
#85 C:\wamp64\www\wordpress\wp-content\themes\aromatic\inc\wptt-webfont-loader.php(464): WPTT_WebFont_Loader->get_styles()
#86 C:\wamp64\www\wordpress\wp-content\themes\aromatic\inc\wptt-webfont-loader.php(210): WPTT_WebFont_Loader->write_stylesheet()
#87 C:\wamp64\www\wordpress\wp-content\themes\aromatic\inc\wptt-webfont-loader.php(464): WPTT_WebFont_Loader->get_styles()
#88 C:\wamp64\www\wordpress\wp-content\themes\aromatic\inc\wptt-webfont-loader.php(210): WPTT_WebFont_Loader->write_stylesheet()
#89 C:\wamp64\www\wordpress\wp-content\themes\aromatic\inc\wptt-webfont-loader.php(464): WPTT_WebFont_Loader->get_styles()
#90 C:\wamp64\www\wordpress\wp-content\themes\aromatic\inc\wptt-webfont-loader.php(210): WPTT_WebFont_Loader->write_stylesheet()
#91 C:\wamp64\www\wordpress\wp-content\themes\aromatic\inc\wptt-webfont-loader.php(464): WPTT_WebFont_Loader->get_styles()
#92 C:\wamp64\www\wordpress\wp-content\themes\aromatic\inc\wptt-webfont-loader.php(210): WPTT_WebFont_Loader->write_stylesheet()
#93 C:\wamp64\www\wordpress\wp-content\themes\aromatic\inc\wptt-webfont-loader.php(464): WPTT_WebFont_Loader->get_styles()
#94 C:\wamp64\www\wordpress\wp-content\themes\aromatic\inc\wptt-webfont-loader.php(210): WPTT_WebFont_Loader->write_stylesheet()
#95 C:\wamp64\www\wordpress\wp-content\themes\aromatic\inc\wptt-webfont-loader.php(464): WPTT_WebFont_Loader->get_styles()
#96 C:\wamp64\www\wordpress\wp-content\themes\aromatic\inc\wptt-webfont-loader.php(210): WPTT_WebFont_Loader->write_stylesheet()
#97 C:\wamp64\www\wordpress\wp-content\themes\aromatic\inc\wptt-webfont-loader.php(464): WPTT_WebFont_Loader->get_styles()
#98 C:\wamp64\www\wordpress\wp-content\themes\aromatic\inc\wptt-webfont-loader.php(210): WPTT_WebFont_Loader->write_stylesheet()
#99 C:\wamp64\www\wordpress\wp-content\themes\aromatic\inc\wptt-webfont-loader.php(464): WPTT_WebFont_Loader->get_styles()
#100 C:\wamp64\www\wordpress\wp-content\themes\aromatic\inc\wptt-webfont-loader.php(210): WPTT_WebFont_Loader->write_stylesheet()
#101 C:\wamp64\www\wordpress\wp-content\themes\aromatic\inc\wptt-webfont-loader.php(464): WPTT_WebFont_Loader->get_styles()
#102 C:\wamp64\www\wordpress\wp-content\themes\aromatic\inc\wptt-webfont-loader.php(210): WPTT_WebFont_Loader->write_stylesheet()
#103 C:\wamp64\www\wordpress\wp-content\themes\aromatic\inc\wptt-webfont-loader.php(464): WPTT_WebFont_Loader->get_styles()
#104 C:\wamp64\www\wordpress\wp-content\themes\aromatic\inc\wptt-webfont-loader.php(210): WPTT_WebFont_Loader->write_stylesheet()
#105 C:\wamp64\www\wordpress\wp-content\themes\aromatic\inc\wptt-webfont-loader.php(464): WPTT_WebFont_Loader->get_styles()
#106 C:\wamp64\www\wordpress\wp-content\themes\aromatic\inc\wptt-webfont-loader.php(210): WPTT_WebFont_Loader->write_stylesheet()
#107 C:\wamp64\www\wordpress\wp-content\themes\aromatic\inc\wptt-webfont-loader.php(464): WPTT_WebFont_Loader->get_styles()
#108 C:\wamp64\www\wordpress\wp-content\themes\aromatic\inc\wptt-webfont-loader.php(210): WPTT_WebFont_Loader->write_stylesheet()
#109 C:\wamp64\www\wordpress\wp-content\themes\aromatic\inc\wptt-webfont-loader.php(464): WPTT_WebFont_Loader->get_styles()
#110 C:\wamp64\www\wordpress\wp-content\themes\aromatic\inc\wptt-webfont-loader.php(210): WPTT_WebFont_Loader->write_stylesheet()
#111 C:\wamp64\www\wordpress\wp-content\themes\aromatic\inc\wptt-webfont-loader.php(464): WPTT_WebFont_Loader->get_styles()
#112 C:\wamp64\www\wordpress\wp-content\themes\aromatic\inc\wptt-webfont-loader.php(210): WPTT_WebFont_Loader->write_stylesheet()
#113 C:\wamp64\www\wordpress\wp-content\themes\aromatic\inc\wptt-webfont-loader.php(464): WPTT_WebFont_Loader->get_styles()
#114 C:\wamp64\www\wordpress\wp-content\themes\aromatic\inc\wptt-webfont-loader.php(210): WPTT_WebFont_Loader->write_stylesheet()
#115 C:\wamp64\www\wordpress\wp-content\themes\aromatic\inc\wptt-webfont-loader.php(464): WPTT_WebFont_Loader->get_styles()
#116 C:\wamp64\www\wordpress\wp-content\themes\aromatic\inc\wptt-webfont-loader.php(210): WPTT_WebFont_Loader->write_stylesheet()
#117 C:\wamp64\www\wordpress\wp-content\themes\aromatic\inc\wptt-webfont-loader.php(464): WPTT_WebFont_Loader->get_styles()
#118 C:\wamp64\www\wordpress\wp-content\themes\aromatic\inc\wptt-webfont-loader.php(210): WPTT_WebFont_Loader->write_stylesheet()
#119 C:\wamp64\www\wordpress\wp-content\themes\aromatic\inc\wptt-webfont-loader.php(464): WPTT_WebFont_Loader->get_styles()
#120 C:\wamp64\www\wordpress\wp-content\themes\aromatic\inc\wptt-webfont-loader.php(210): WPTT_WebFont_Loader->write_stylesheet()
#121 C:\wamp64\www\wordpress\wp-content\themes\aromatic\inc\wptt-webfont-loader.php(464): WPTT_WebFont_Loader->get_styles()
#122 C:\wamp64\www\wordpress\wp-content\themes\aromatic\inc\wptt-webfont-loader.php(210): WPTT_WebFont_Loader->write_stylesheet()
#123 C:\wamp64\www\wordpress\wp-content\themes\aromatic\inc\wptt-webfont-loader.php(464): WPTT_WebFont_Loader->get_styles()
#124 C:\wamp64\www\wordpress\wp-content\themes\aromatic\inc\wptt-webfont-loader.php(210): WPTT_WebFont_Loader->write_stylesheet()
#125 C:\wamp64\www\wordpress\wp-content\themes\aromatic\inc\wptt-webfont-loader.php(464): WPTT_WebFont_Loader->get_styles()
#126 C:\wamp64\www\wordpress\wp-content\themes\aromatic\inc\wptt-webfont-loader.php(210): WPTT_WebFont_Loader->write_stylesheet()
#127 C:\wamp64\www\wordpress\wp-content\themes\aromatic\inc\wptt-webfont-loader.php(464): WPTT_WebFont_Loader->get_styles()
#128 C:\wamp64\www\wordpress\wp-content\themes\aromatic\inc\wptt-webfont-loader.php(210): WPTT_WebFont_Loader->write_stylesheet()
#129 C:\wamp64\www\wordpress\wp-content\themes\aromatic\inc\wptt-webfont-loader.php(464): WPTT_WebFont_Loader->get_styles()
#130 C:\wamp64\www\wordpress\wp-content\themes\aromatic\inc\wptt-webfont-loader.php(210): WPTT_WebFont_Loader->write_stylesheet()
#131 C:\wamp64\www\wordpress\wp-content\themes\aromatic\inc\wptt-webfont-loader.php(464): WPTT_WebFont_Loader->get_styles()
#132 C:\wamp64\www\wordpress\wp-content\themes\aromatic\inc\wptt-webfont-loader.php(210): WPTT_WebFont_Loader->write_stylesheet()
#133 C:\wamp64\www\wordpress\wp-content\themes\aromatic\inc\wptt-webfont-loader.php(464): WPTT_WebFont_Loader->get_styles()
#134 C:\wamp64\www\wordpress\wp-content\themes\aromatic\inc\wptt-webfont-loader.php(210): WPTT_WebFont_Loader->write_stylesheet()
#135 C:\wamp64\www\wordpress\wp-content\themes\aromatic\inc\wptt-webfont-loader.php(464): WPTT_WebFont_Loader->get_styles()
#136 C:\wamp64\www\wordpress\wp-content\themes\aromatic\inc\wptt-webfont-loader.php(210): WPTT_WebFont_Loader->write_stylesheet()
#137 C:\wamp64\www\wordpress\wp-content\themes\aromatic\inc\wptt-webfont-loader.php(464): WPTT_WebFont_Loader->get_styles()
#138 C:\wamp64\www\wordpress\wp-content\themes\aromatic\inc\wptt-webfont-loader.php(210): WPTT_WebFont_Loader->write_stylesheet()
#139 C:\wamp64\www\wordpress\wp-content\themes\aromatic\inc\wptt-webfont-loader.php(464): WPTT_WebFont_Loader->get_styles()
#140 C:\wamp64\www\wordpress\wp-content\themes\aromatic\inc\wptt-webfont-loader.php(210): WPTT_WebFont_Loader->write_stylesheet()
#141 C:\wamp64\www\wordpress\wp-content\themes\aromatic\inc\wptt-webfont-loader.php(464): WPTT_WebFont_Loader->get_styles()
#142 C:\wamp64\www\wordpress\wp-content\themes\aromatic\inc\wptt-webfont-loader.php(210): WPTT_WebFont_Loader->write_stylesheet()
#143 C:\wamp64\www\wordpress\wp-content\themes\aromatic\inc\wptt-webfont-loader.php(464): WPTT_WebFont_Loader->get_styles()
#144 C:\wamp64\www\wordpress\wp-content\themes\aromatic\inc\wptt-webfont-loader.php(210): WPTT_WebFont_Loader->write_stylesheet()
#145 C:\wamp64\www\wordpress\wp-content\themes\aromatic\inc\wptt-webfont-loader.php(464): WPTT_WebFont_Loader->get_styles()
#146 C:\wamp64\www\wordpress\wp-content\themes\aromatic\inc\wptt-webfont-loader.php(210): WPTT_WebFont_Loader->write_stylesheet()
#147 C:\wamp64\www\wordpress\wp-content\themes\aromatic\inc\wptt-webfont-loader.php(464): WPTT_WebFont_Loader->get_styles()
#148 C:\wamp64\www\wordpress\wp-content\themes\aromatic\inc\wptt-webfont-loader.php(210): WPTT_WebFont_Loader->write_stylesheet()
#149 C:\wamp64\www\wordpress\wp-content\themes\aromatic\inc\wptt-webfont-loader.php(464): WPTT_WebFont_Loader->get_styles()
#150 C:\wamp64\www\wordpress\wp-content\themes\aromatic\inc\wptt-webfont-loader.php(210): WPTT_WebFont_Loader->write_stylesheet()
#151 C:\wamp64\www\wordpress\wp-content\themes\aromatic\inc\wptt-webfont-loader.php(464): WPTT_WebFont_Loader->get_styles()
#152 C:\wamp64\www\wordpress\wp-content\themes\aromatic\inc\wptt-webfont-loader.php(210): WPTT_WebFont_Loader->write_stylesheet()
#153 C:\wamp64\www\wordpress\wp-content\themes\aromatic\inc\wptt-webfont-loader.php(464): WPTT_WebFont_Loader->get_styles()
#154 C:\wamp64\www\wordpress\wp-content\themes\aromatic\inc\wptt-webfont-loader.php(210): WPTT_WebFont_Loader->write_stylesheet()
#155 C:\wamp64\www\wordpress\wp-content\themes\aromatic\inc\wptt-webfont-loader.php(464): WPTT_WebFont_Loader->get_styles()
#156 C:\wamp64\www\wordpress\wp-content\themes\aromatic\inc\wptt-webfont-loader.php(210): WPTT_WebFont_Loader->write_stylesheet()
#157 C:\wamp64\www\wordpress\wp-content\themes\aromatic\inc\wptt-webfont-loader.php(464): WPTT_WebFont_Loader->get_styles()
#158 C:\wamp64\www\wordpress\wp-content\themes\aromatic\inc\wptt-webfont-loader.php(210): WPTT_WebFont_Loader->write_stylesheet()
#159 C:\wamp64\www\wordpress\wp-content\themes\aromatic\inc\wptt-webfont-loader.php(464): WPTT_WebFont_Loader->get_styles()
#160 C:\wamp64\www\wordpress\wp-content\themes\aromatic\inc\wptt-webfont-loader.php(210): WPTT_WebFont_Loader->write_stylesheet()
#161 C:\wamp64\www\wordpress\wp-content\themes\aromatic\inc\wptt-webfont-loader.php(464): WPTT_WebFont_Loader->get_styles()
#162 C:\wamp64\www\wordpress\wp-content\themes\aromatic\inc\wptt-webfont-loader.php(210): WPTT_WebFont_Loader->write_stylesheet()
#163 C:\wamp64\www\wordpress\wp-content\themes\aromatic\inc\wptt-webfont-loader.php(464): WPTT_WebFont_Loader->get_styles()
#164 C:\wamp64\www\wordpress\wp-content\themes\aromatic\inc\wptt-webfont-loader.php(210): WPTT_WebFont_Loader->write_stylesheet()
#165 C:\wamp64\www\wordpress\wp-content\themes\aromatic\inc\wptt-webfont-loader.php(464): WPTT_WebFont_Loader->get_styles()
#166 C:\wamp64\www\wordpress\wp-content\themes\aromatic\inc\wptt-webfont-loader.php(210): WPTT_WebFont_Loader->write_stylesheet()
#167 C:\wamp64\www\wordpress\wp-content\themes\aromatic\inc\wptt-webfont-loader.php(464): WPTT_WebFont_Loader->get_styles()
#168 C:\wamp64\www\wordpress\wp-content\themes\aromatic\inc\wptt-webfont-loader.php(210): WPTT_WebFont_Loader->write_stylesheet()
#169 C:\wamp64\www\wordpress\wp-content\themes\aromatic\inc\wptt-webfont-loader.php(464): WPTT_WebFont_Loader->get_styles()
#170 C:\wamp64\www\wordpress\wp-content\themes\aromatic\inc\wptt-webfont-loader.php(210): WPTT_WebFont_Loader->write_stylesheet()
#171 C:\wamp64\www\wordpress\wp-content\themes\aromatic\inc\wptt-webfont-loader.php(464): WPTT_WebFont_Loader->get_styles()
#172 C:\wamp64\www\wordpress\wp-content\themes\aromatic\inc\wptt-webfont-loader.php(210): WPTT_WebFont_Loader->write_stylesheet()
#173 C:\wamp64\www\wordpress\wp-content\themes\aromatic\inc\wptt-webfont-loader.php(464): WPTT_WebFont_Loader->get_styles()
#174 C:\wamp64\www\wordpress\wp-content\themes\aromatic\inc\wptt-webfont-loader.php(210): WPTT_WebFont_Loader->write_stylesheet()
#175 C:\wamp64\www\wordpress\wp-content\themes\aromatic\inc\wptt-webfont-loader.php(464): WPTT_WebFont_Loader->get_styles()
#176 C:\wamp64\www\wordpress\wp-content\themes\aromatic\inc\wptt-webfont-loader.php(210): WPTT_WebFont_Loader->write_stylesheet()
#177 C:\wamp64\www\wordpress\wp-content\themes\aromatic\inc\wptt-webfont-loader.php(464): WPTT_WebFont_Loader->get_styles()
#178 C:\wamp64\www\wordpress\wp-content\themes\aromatic\inc\wptt-webfont-loader.php(210): WPTT_WebFont_Loader->write_stylesheet()
#179 C:\wamp64\www\wordpress\wp-content\themes\aromatic\inc\wptt-webfont-loader.php(464): WPTT_WebFont_Loader->get_styles()
#180 C:\wamp64\www\wordpress\wp-content\themes\aromatic\inc\wptt-webfont-loader.php(210): WPTT_WebFont_Loader->write_stylesheet()
#181 C:\wamp64\www\wordpress\wp-content\themes\aromatic\inc\wptt-webfont-loader.php(464): WPTT_WebFont_Loader->get_styles()
#182 C:\wamp64\www\wordpress\wp-content\themes\aromatic\inc\wptt-webfont-loader.php(210): WPTT_WebFont_Loader->write_stylesheet()
#183 C:\wamp64\www\wordpress\wp-content\themes\aromatic\inc\wptt-webfont-loader.php(464): WPTT_WebFont_Loader->get_styles()
#184 C:\wamp64\www\wordpress\wp-content\themes\aromatic\inc\wptt-webfont-loader.php(210): WPTT_WebFont_Loader->write_stylesheet()
#185 C:\wamp64\www\wordpress\wp-content\themes\aromatic\inc\wptt-webfont-loader.php(464): WPTT_WebFont_Loader->get_styles()
#186 C:\wamp64\www\wordpress\wp-content\themes\aromatic\inc\wptt-webfont-loader.php(210): WPTT_WebFont_Loader->write_stylesheet()
#187 C:\wamp64\www\wordpress\wp-content\themes\aromatic\inc\wptt-webfont-loader.php(464): WPTT_WebFont_Loader->get_styles()
#188 C:\wamp64\www\wordpress\wp-content\themes\aromatic\inc\wptt-webfont-loader.php(210): WPTT_WebFont_Loader->write_stylesheet()
#189 C:\wamp64\www\wordpress\wp-content\themes\aromatic\inc\wptt-webfont-loader.php(464): WPTT_WebFont_Loader->get_styles()
#190 C:\wamp64\www\wordpress\wp-content\themes\aromatic\inc\wptt-webfont-loader.php(210): WPTT_WebFont_Loader->write_stylesheet()
#191 C:\wamp64\www\wordpress\wp-content\themes\aromatic\inc\wptt-webfont-loader.php(464): WPTT_WebFont_Loader->get_styles()
#192 C:\wamp64\www\wordpress\wp-content\themes\aromatic\inc\wptt-webfont-loader.php(210): WPTT_WebFont_Loader->write_stylesheet()
#193 C:\wamp64\www\wordpress\wp-content\themes\aromatic\inc\wptt-webfont-loader.php(464): WPTT_WebFont_Loader->get_styles()
#194 C:\wamp64\www\wordpress\wp-content\themes\aromatic\inc\wptt-webfont-loader.php(210): WPTT_WebFont_Loader->write_stylesheet()
#195 C:\wamp64\www\wordpress\wp-content\themes\aromatic\inc\wptt-webfont-loader.php(464): WPTT_WebFont_Loader->get_styles()
#196 C:\wamp64\www\wordpress\wp-content\themes\aromatic\inc\wptt-webfont-loader.php(210): WPTT_WebFont_Loader->write_stylesheet()
#197 C:\wamp64\www\wordpress\wp-content\themes\aromatic\inc\wptt-webfont-loader.php(464): WPTT_WebFont_Loader->get_styles()
#198 C:\wamp64\www\wordpress\wp-content\themes\aromatic\inc\wptt-webfont-loader.php(210): WPTT_WebFont_Loader->write_stylesheet()
#199 C:\wamp64\www\wordpress\wp-content\themes\aromatic\inc\wptt-webfont-loader.php(464): WPTT_WebFont_Loader->get_styles()
#200 C:\wamp64\www\wordpress\wp-content\themes\aromatic\inc\wptt-webfont-loader.php(210): WPTT_WebFont_Loader->write_stylesheet()
#201 C:\wamp64\www\wordpress\wp-content\themes\aromatic\inc\wptt-webfont-loader.php(464): WPTT_WebFont_Loader->get_styles()
#202 C:\wamp64\www\wordpress\wp-content\themes\aromatic\inc\wptt-webfont-loader.php(210): WPTT_WebFont_Loader->write_stylesheet()
#203 C:\wamp64\www\wordpress\wp-content\themes\aromatic\inc\wptt-webfont-loader.php(464): WPTT_WebFont_Loader->get_styles()
#204 C:\wamp64\www\wordpress\wp-content\themes\aromatic\inc\wptt-webfont-loader.php(210): WPTT_WebFont_Loader->write_stylesheet()
#205 C:\wamp64\www\wordpress\wp-content\themes\aromatic\inc\wptt-webfont-loader.php(464): WPTT_WebFont_Loader->get_styles()
#206 C:\wamp64\www\wordpress\wp-content\themes\aromatic\inc\wptt-webfont-loader.php(210): WPTT_WebFont_Loader->write_stylesheet()
#207 C:\wamp64\www\wordpress\wp-content\themes\aromatic\inc\wptt-webfont-loader.php(464): WPTT_WebFont_Loader->get_styles()
#208 C:\wamp64\www\wordpress\wp-content\themes\aromatic\inc\wptt-webfont-loader.php(210): WPTT_WebFont_Loader->write_stylesheet()
#209 C:\wamp64\www\wordpress\wp-content\themes\aromatic\inc\wptt-webfont-loader.php(464): WPTT_WebFont_Loader->get_styles()
#210 C:\wamp64\www\wordpress\wp-content\themes\aromatic\inc\wptt-webfont-loader.php(210): WPTT_WebFont_Loader->write_stylesheet()
#211 C:\wamp64\www\wordpress\wp-content\themes\aromatic\inc\wptt-webfont-loader.php(464): WPTT_WebFont_Loader->get_styles()
#212 C:\wamp64\www\wordpress\wp-content\themes\aromatic\inc\wptt-webfont-loader.php(210): WPTT_WebFont_Loader->write_stylesheet()
#213 C:\wamp64\www\wordpress\wp-content\themes\aromatic\inc\wptt-webfont-loader.php(464): WPTT_WebFont_Loader->get_styles()
#214 C:\wamp64\www\wordpress\wp-content\themes\aromatic\inc\wptt-webfont-loader.php(210): WPTT_WebFont_Loader->write_stylesheet()
#215 C:\wamp64\www\wordpress\wp-content\themes\aromatic\inc\wptt-webfont-loader.php(464): WPTT_WebFont_Loader->get_styles()
#216 C:\wamp64\www\wordpress\wp-content\themes\aromatic\inc\wptt-webfont-loader.php(210): WPTT_WebFont_Loader->write_stylesheet()
#217 C:\wamp64\www\wordpress\wp-content\themes\aromatic\inc\wptt-webfont-loader.php(464): WPTT_WebFont_Loader->get_styles()
#218 C:\wamp64\www\wordpress\wp-content\themes\aromatic\inc\wptt-webfont-loader.php(210): WPTT_WebFont_Loader->write_stylesheet()
#219 C:\wamp64\www\wordpress\wp-content\themes\aromatic\inc\wptt-webfont-loader.php(464): WPTT_WebFont_Loader->get_styles()
#220 C:\wamp64\www\wordpress\wp-content\themes\aromatic\inc\wptt-webfont-loader.php(210): WPTT_WebFont_Loader->write_stylesheet()
#221 C:\wamp64\www\wordpress\wp-content\themes\aromatic\inc\wptt-webfont-loader.php(464): WPTT_WebFont_Loader->get_styles()
#222 C:\wamp64\www\wordpress\wp-content\themes\aromatic\inc\wptt-webfont-loader.php(210): WPTT_WebFont_Loader->write_stylesheet()
#223 C:\wamp64\www\wordpress\wp-content\themes\aromatic\inc\wptt-webfont-loader.php(464): WPTT_WebFont_Loader->get_styles()
#224 C:\wamp64\www\wordpress\wp-content\themes\aromatic\inc\wptt-webfont-loader.php(210): WPTT_WebFont_Loader->write_stylesheet()
#225 C:\wamp64\www\wordpress\wp-content\themes\aromatic\inc\wptt-webfont-loader.php(464): WPTT_WebFont_Loader->get_styles()
#226 C:\wamp64\www\wordpress\wp-content\themes\aromatic\inc\wptt-webfont-loader.php(210): WPTT_WebFont_Loader->write_stylesheet()
#227 C:\wamp64\www\wordpress\wp-content\themes\aromatic\inc\wptt-webfont-loader.php(464): WPTT_WebFont_Loader->get_styles()
#228 C:\wamp64\www\wordpress\wp-content\themes\aromatic\inc\wptt-webfont-loader.php(210): WPTT_WebFont_Loader->write_stylesheet()
#229 C:\wamp64\www\wordpress\wp-content\themes\aromatic\inc\wptt-webfont-loader.php(464): WPTT_WebFont_Loader->get_styles()
#230 C:\wamp64\www\wordpress\wp-content\themes\aromatic\inc\wptt-webfont-loader.php(210): WPTT_WebFont_Loader->write_stylesheet()
#231 C:\wamp64\www\wordpress\wp-content\themes\aromatic\inc\wptt-webfont-loader.php(464): WPTT_WebFont_Loader->get_styles()
#232 C:\wamp64\www\wordpress\wp-content\themes\aromatic\inc\wptt-webfont-loader.php(210): WPTT_WebFont_Loader->write_stylesheet()
#233 C:\wamp64\www\wordpress\wp-content\themes\aromatic\inc\wptt-webfont-loader.php(464): WPTT_WebFont_Loader->get_styles()
#234 C:\wamp64\www\wordpress\wp-content\themes\aromatic\inc\wptt-webfont-loader.php(210): WPTT_WebFont_Loader->write_stylesheet()
#235 C:\wamp64\www\wordpress\wp-content\themes\aromatic\inc\wptt-webfont-loader.php(464): WPTT_WebFont_Loader->get_styles()
#236 C:\wamp64\www\wordpress\wp-content\themes\aromatic\inc\wptt-webfont-loader.php(210): WPTT_WebFont_Loader->write_stylesheet()
#237 C:\wamp64\www\wordpress\wp-content\themes\aromatic\inc\wptt-webfont-loader.php(464): WPTT_WebFont_Loader->get_styles()
#238 C:\wamp64\www\wordpress\wp-content\themes\aromatic\inc\wptt-webfont-loader.php(210): WPTT_WebFont_Loader->write_stylesheet()
#239 C:\wamp64\www\wordpress\wp-content\themes\aromatic\inc\wptt-webfont-loader.php(464): WPTT_WebFont_Loader->get_styles()
#240 C:\wamp64\www\wordpress\wp-content\themes\aromatic\inc\wptt-webfont-loader.php(210): WPTT_WebFont_Loader->write_stylesheet()
#241 C:\wamp64\www\wordpress\wp-content\themes\aromatic\inc\wptt-webfont-loader.php(464): WPTT_WebFont_Loader->get_styles()
#242 C:\wamp64\www\wordpress\wp-content\themes\aromatic\inc\wptt-webfont-loader.php(210): WPTT_WebFont_Loader->write_stylesheet()
#243 C:\wamp64\www\wordpress\wp-content\themes\aromatic\inc\wptt-webfont-loader.php(464): WPTT_WebFont_Loader->get_styles()
#244 C:\wamp64\www\wordpress\wp-content\themes\aromatic\inc\wptt-webfont-loader.php(145): WPTT_WebFont_Loader->write_stylesheet()
#245 C:\wamp64\www\wordpress\wp-content\themes\aromatic\inc\wptt-webfont-loader.php(695): WPTT_WebFont_Loader->get_url()
#246 C:\wamp64\www\wordpress\wp-content\themes\aromatic\inc\template-tags.php(153): wptt_get_webfont_url('https://fonts.g...')
#247 C:\wamp64\www\wordpress\wp-content\themes\aromatic\functions.php(73): aromatic_google_font()
#248 C:\wamp64\www\wordpress\wp-includes\class-wp-hook.php(310): aromatic_setup('')
#249 C:\wamp64\www\wordpress\wp-includes\class-wp-hook.php(334): WP_Hook->apply_filters(NULL, Array)
#250 C:\wamp64\www\wordpress\wp-includes\plugin.php(517): WP_Hook->do_action(Array)
#251 C:\wamp64\www\wordpress\wp-settings.php(610): do_action('after_setup_the...')
#252 C:\wamp64\www\wordpress\wp-config.php(96): require_once('C:\\wamp64\\www\\w...')
#253 C:\wamp64\www\wordpress\wp-load.php(50): require_once('C:\\wamp64\\www\\w...')
#254 C:\wamp64\www\wordpress\wp-admin\admin.php(34): require_once('C:\\wamp64\\www\\w...')
#255 C:\wamp64\www\wordpress\wp-admin\themes.php(10): require_once('C:\\wamp64\\www\\w...')
#256 {main}
  thrown in C:\wamp64\www\wordpress\wp-includes\class-wp-object-cache.php on line 146

